Ign http://us-east-1.ec2.archive.ubuntu.com trusty InRelease
Get:1 http://us-east-1.ec2.archive.ubuntu.com trusty-updates InRelease [65.9 kB]
Get:2 http://us-east-1.ec2.archive.ubuntu.com trusty-backports InRelease [65.9 kB]
Get:3 http://security.ubuntu.com trusty-security InRelease [65.9 kB]
Hit http://us-east-1.ec2.archive.ubuntu.com trusty Release.gpg
Hit http://us-east-1.ec2.archive.ubuntu.com trusty Release
Get:4 http://us-east-1.ec2.archive.ubuntu.com trusty-updates/main Sources [260 kB]
Get:5 http://us-east-1.ec2.archive.ubuntu.com trusty-updates/restricted Sources [5,352 B]
Get:6 http://us-east-1.ec2.archive.ubuntu.com trusty-updates/universe Sources [150 kB]
Get:7 http://security.ubuntu.com trusty-security/main Sources [105 kB]
Get:8 http://us-east-1.ec2.archive.ubuntu.com trusty-updates/multiverse Sources [5,547 B]
Get:9 http://us-east-1.ec2.archive.ubuntu.com trusty-updates/main amd64 Packages [706 kB]
Get:10 http://us-east-1.ec2.archive.ubuntu.com trusty-updates/restricted amd64 Packages [15.9 kB]
Get:11 http://us-east-1.ec2.archive.ubuntu.com trusty-updates/universe amd64 Packages [338 kB]
Get:12 http://security.ubuntu.com trusty-security/universe Sources [33.0 kB]
Get:13 http://us-east-1.ec2.archive.ubuntu.com trusty-updates/multiverse amd64 Packages [13.2 kB]
Get:14 http://us-east-1.ec2.archive.ubuntu.com trusty-updates/main Translation-en [356 kB]
Get:15 http://security.ubuntu.com trusty-security/main amd64 Packages [421 kB]
Get:16 http://us-east-1.ec2.archive.ubuntu.com trusty-updates/multiverse Translation-en [6,947 B]
Get:17 http://us-east-1.ec2.archive.ubuntu.com trusty-updates/restricted Translation-en [3,699 B]
Get:18 http://us-east-1.ec2.archive.ubuntu.com trusty-updates/universe Translation-en [180 kB]
Get:19 http://us-east-1.ec2.archive.ubuntu.com trusty-backports/main Sources [8,672 B]
Get:20 http://us-east-1.ec2.archive.ubuntu.com trusty-backports/restricted Sources [28 B]
Get:21 http://us-east-1.ec2.archive.ubuntu.com trusty-backports/universe Sources [33.2 kB]
Get:22 http://us-east-1.ec2.archive.ubuntu.com trusty-backports/multiverse Sources [1,898 B]
Get:23 http://us-east-1.ec2.archive.ubuntu.com trusty-backports/main amd64 Packages [9,787 B]
Get:24 http://us-east-1.ec2.archive.ubuntu.com trusty-backports/restricted amd64 Packages [28 B]
Get:25 http://us-east-1.ec2.archive.ubuntu.com trusty-backports/universe amd64 Packages [39.8 kB]
Get:26 http://us-east-1.ec2.archive.ubuntu.com trusty-backports/multiverse amd64 Packages [1,571 B]
Get:27 http://security.ubuntu.com trusty-security/universe amd64 Packages [124 kB]
Get:28 http://us-east-1.ec2.archive.ubuntu.com trusty-backports/main Translation-en [5,843 B]
Get:29 http://us-east-1.ec2.archive.ubuntu.com trusty-backports/multiverse Translation-en [1,215 B]
Get:30 http://us-east-1.ec2.archive.ubuntu.com trusty-backports/restricted Translation-en [28 B]
Get:31 http://us-east-1.ec2.archive.ubuntu.com trusty-backports/universe Translation-en [34.6 kB]
Get:32 http://us-east-1.ec2.archive.ubuntu.com trusty/main Sources [1,064 kB]
Get:33 http://security.ubuntu.com trusty-security/main Translation-en [231 kB]
Get:34 http://us-east-1.ec2.archive.ubuntu.com trusty/restricted Sources [5,433 B]
Get:35 http://us-east-1.ec2.archive.ubuntu.com trusty/universe Sources [6,399 kB]
Get:36 http://security.ubuntu.com trusty-security/universe Translation-en [72.5 kB]
Get:37 http://us-east-1.ec2.archive.ubuntu.com trusty/multiverse Sources [174 kB]
Hit http://us-east-1.ec2.archive.ubuntu.com trusty/main amd64 Packages
Hit http://us-east-1.ec2.archive.ubuntu.com trusty/restricted amd64 Packages
Hit http://us-east-1.ec2.archive.ubuntu.com trusty/universe amd64 Packages
Hit http://us-east-1.ec2.archive.ubuntu.com trusty/multiverse amd64 Packages
Hit http://us-east-1.ec2.archive.ubuntu.com trusty/main Translation-en
Hit http://us-east-1.ec2.archive.ubuntu.com trusty/multiverse Translation-en
Hit http://us-east-1.ec2.archive.ubuntu.com trusty/restricted Translation-en
Hit http://us-east-1.ec2.archive.ubuntu.com trusty/universe Translation-en
Ign http://us-east-1.ec2.archive.ubuntu.com trusty/main Translation-en_US
Ign http://us-east-1.ec2.archive.ubuntu.com trusty/multiverse Translation-en_US
Ign http://us-east-1.ec2.archive.ubuntu.com trusty/restricted Translation-en_US
Ign http://us-east-1.ec2.archive.ubuntu.com trusty/universe Translation-en_US
Fetched 11.0 MB in 2s (3,673 kB/s)
Reading package lists...
Reading package lists...
Building dependency tree...
Reading state information...
The following extra packages will be installed:
  binutils comerr-dev cpp cpp-4.8 gcc gcc-4.8 gcc-4.8-base krb5-multidev
  libasan0 libatomic1 libc-dev-bin libc6 libc6-dev libcloog-isl4
  libgcc-4.8-dev libgmp10 libgomp1 libgssrpc4 libisl10 libitm1
  libkadm5clnt-mit9 libkadm5srv-mit9 libkdb5-7 libmpc3 libmpfr4 libquadmath0
  libstdc++6 libtsan0 linux-libc-dev manpages-dev
Suggested packages:
  binutils-doc doc-base cpp-doc gcc-4.8-locales gcc-multilib make autoconf
  automake1.9 libtool flex bison gdb gcc-doc gcc-4.8-multilib gcc-4.8-doc
  libgcc1-dbg libgomp1-dbg libitm1-dbg libatomic1-dbg libasan0-dbg
  libtsan0-dbg libquadmath0-dbg krb5-doc glibc-doc krb5-user
The following NEW packages will be installed:
  binutils comerr-dev cpp cpp-4.8 gcc gcc-4.8 krb5-multidev libasan0
  libatomic1 libc-dev-bin libc6-dev libcloog-isl4 libgcc-4.8-dev libgmp10
  libgomp1 libgssrpc4 libisl10 libitm1 libkadm5clnt-mit9 libkadm5srv-mit9
  libkdb5-7 libkrb5-dev libmpc3 libmpfr4 libquadmath0 libtsan0 linux-libc-dev
  manpages-dev
The following packages will be upgraded:
  gcc-4.8-base libc6 libstdc++6
3 upgraded, 28 newly installed, 0 to remove and 46 not upgraded.
Need to get 24.6 MB of archives.
After this operation, 72.6 MB of additional disk space will be used.
Get:1 http://us-east-1.ec2.archive.ubuntu.com/ubuntu/ trusty-updates/main gcc-4.8-base amd64 4.8.4-2ubuntu1~14.04.1 [16.0 kB]
Get:2 http://us-east-1.ec2.archive.ubuntu.com/ubuntu/ trusty-updates/main libstdc++6 amd64 4.8.4-2ubuntu1~14.04.1 [259 kB]
Get:3 http://us-east-1.ec2.archive.ubuntu.com/ubuntu/ trusty-updates/main libc6 amd64 2.19-0ubuntu6.7 [4,719 kB]
Get:4 http://us-east-1.ec2.archive.ubuntu.com/ubuntu/ trusty-updates/main libasan0 amd64 4.8.4-2ubuntu1~14.04.1 [63.1 kB]
Get:5 http://us-east-1.ec2.archive.ubuntu.com/ubuntu/ trusty-updates/main libatomic1 amd64 4.8.4-2ubuntu1~14.04.1 [8,640 B]
Get:6 http://us-east-1.ec2.archive.ubuntu.com/ubuntu/ trusty/main libgmp10 amd64 2:5.1.3+dfsg-1ubuntu1 [218 kB]
Get:7 http://us-east-1.ec2.archive.ubuntu.com/ubuntu/ trusty/main libisl10 amd64 0.12.2-1 [419 kB]
Get:8 http://us-east-1.ec2.archive.ubuntu.com/ubuntu/ trusty/main libcloog-isl4 amd64 0.18.2-1 [57.5 kB]
Get:9 http://us-east-1.ec2.archive.ubuntu.com/ubuntu/ trusty-updates/main libgomp1 amd64 4.8.4-2ubuntu1~14.04.1 [23.1 kB]
Get:10 http://us-east-1.ec2.archive.ubuntu.com/ubuntu/ trusty-updates/main libgssrpc4 amd64 1.12+dfsg-2ubuntu5.2 [53.1 kB]
Get:11 http://us-east-1.ec2.archive.ubuntu.com/ubuntu/ trusty-updates/main libitm1 amd64 4.8.4-2ubuntu1~14.04.1 [28.5 kB]
Get:12 http://us-east-1.ec2.archive.ubuntu.com/ubuntu/ trusty-updates/main libkadm5clnt-mit9 amd64 1.12+dfsg-2ubuntu5.2 [36.2 kB]
Get:13 http://us-east-1.ec2.archive.ubuntu.com/ubuntu/ trusty-updates/main libkdb5-7 amd64 1.12+dfsg-2ubuntu5.2 [36.2 kB]
Get:14 http://us-east-1.ec2.archive.ubuntu.com/ubuntu/ trusty-updates/main libkadm5srv-mit9 amd64 1.12+dfsg-2ubuntu5.2 [50.4 kB]
Get:15 http://us-east-1.ec2.archive.ubuntu.com/ubuntu/ trusty/main libmpfr4 amd64 3.1.2-1 [203 kB]
Get:16 http://us-east-1.ec2.archive.ubuntu.com/ubuntu/ trusty-updates/main libquadmath0 amd64 4.8.4-2ubuntu1~14.04.1 [126 kB]
Get:17 http://us-east-1.ec2.archive.ubuntu.com/ubuntu/ trusty-updates/main libtsan0 amd64 4.8.4-2ubuntu1~14.04.1 [94.9 kB]
Get:18 http://us-east-1.ec2.archive.ubuntu.com/ubuntu/ trusty/main libmpc3 amd64 1.0.1-1ubuntu1 [38.4 kB]
Get:19 http://us-east-1.ec2.archive.ubuntu.com/ubuntu/ trusty-updates/main binutils amd64 2.24-5ubuntu14 [2,076 kB]
Get:20 http://us-east-1.ec2.archive.ubuntu.com/ubuntu/ trusty-updates/main cpp-4.8 amd64 4.8.4-2ubuntu1~14.04.1 [4,595 kB]
Get:21 http://us-east-1.ec2.archive.ubuntu.com/ubuntu/ trusty/main cpp amd64 4:4.8.2-1ubuntu6 [27.5 kB]
Get:22 http://us-east-1.ec2.archive.ubuntu.com/ubuntu/ trusty-updates/main libgcc-4.8-dev amd64 4.8.4-2ubuntu1~14.04.1 [1,688 kB]
Get:23 http://us-east-1.ec2.archive.ubuntu.com/ubuntu/ trusty-updates/main gcc-4.8 amd64 4.8.4-2ubuntu1~14.04.1 [5,056 kB]
Get:24 http://us-east-1.ec2.archive.ubuntu.com/ubuntu/ trusty/main gcc amd64 4:4.8.2-1ubuntu6 [5,098 B]
Get:25 http://us-east-1.ec2.archive.ubuntu.com/ubuntu/ trusty-updates/main libc-dev-bin amd64 2.19-0ubuntu6.7 [69.0 kB]
Get:26 http://us-east-1.ec2.archive.ubuntu.com/ubuntu/ trusty-updates/main linux-libc-dev amd64 3.13.0-77.121 [776 kB]
Get:27 http://us-east-1.ec2.archive.ubuntu.com/ubuntu/ trusty-updates/main libc6-dev amd64 2.19-0ubuntu6.7 [1,910 kB]
Get:28 http://us-east-1.ec2.archive.ubuntu.com/ubuntu/ trusty-updates/main comerr-dev amd64 2.1-1.42.9-3ubuntu1.3 [38.3 kB]
Get:29 http://us-east-1.ec2.archive.ubuntu.com/ubuntu/ trusty-updates/main krb5-multidev amd64 1.12+dfsg-2ubuntu5.2 [111 kB]
Get:30 http://us-east-1.ec2.archive.ubuntu.com/ubuntu/ trusty/main manpages-dev all 3.54-1ubuntu1 [1,820 kB]
Get:31 http://us-east-1.ec2.archive.ubuntu.com/ubuntu/ trusty-updates/main libkrb5-dev amd64 1.12+dfsg-2ubuntu5.2 [14.4 kB]
Preconfiguring packages ...
Fetched 24.6 MB in 0s (38.1 MB/s)
(Reading database ... 51150 files and directories currently installed.)
Preparing to unpack .../gcc-4.8-base_4.8.4-2ubuntu1~14.04.1_amd64.deb ...
Unpacking gcc-4.8-base:amd64 (4.8.4-2ubuntu1~14.04.1) over (4.8.4-2ubuntu1~14.04) ...
Setting up gcc-4.8-base:amd64 (4.8.4-2ubuntu1~14.04.1) ...
(Reading database ... 51150 files and directories currently installed.)
Preparing to unpack .../libstdc++6_4.8.4-2ubuntu1~14.04.1_amd64.deb ...
Unpacking libstdc++6:amd64 (4.8.4-2ubuntu1~14.04.1) over (4.8.4-2ubuntu1~14.04) ...
Preparing to unpack .../libc6_2.19-0ubuntu6.7_amd64.deb ...
Unpacking libc6:amd64 (2.19-0ubuntu6.7) over (2.19-0ubuntu6.6) ...
Setting up libc6:amd64 (2.19-0ubuntu6.7) ...
Setting up libstdc++6:amd64 (4.8.4-2ubuntu1~14.04.1) ...
Processing triggers for libc-bin (2.19-0ubuntu6.6) ...
Selecting previously unselected package libasan0:amd64.
(Reading database ... 51150 files and directories currently installed.)
Preparing to unpack .../libasan0_4.8.4-2ubuntu1~14.04.1_amd64.deb ...
Unpacking libasan0:amd64 (4.8.4-2ubuntu1~14.04.1) ...
Selecting previously unselected package libatomic1:amd64.
Preparing to unpack .../libatomic1_4.8.4-2ubuntu1~14.04.1_amd64.deb ...
Unpacking libatomic1:amd64 (4.8.4-2ubuntu1~14.04.1) ...
Selecting previously unselected package libgmp10:amd64.
Preparing to unpack .../libgmp10_2%3a5.1.3+dfsg-1ubuntu1_amd64.deb ...
Unpacking libgmp10:amd64 (2:5.1.3+dfsg-1ubuntu1) ...
Selecting previously unselected package libisl10:amd64.
Preparing to unpack .../libisl10_0.12.2-1_amd64.deb ...
Unpacking libisl10:amd64 (0.12.2-1) ...
Selecting previously unselected package libcloog-isl4:amd64.
Preparing to unpack .../libcloog-isl4_0.18.2-1_amd64.deb ...
Unpacking libcloog-isl4:amd64 (0.18.2-1) ...
Selecting previously unselected package libgomp1:amd64.
Preparing to unpack .../libgomp1_4.8.4-2ubuntu1~14.04.1_amd64.deb ...
Unpacking libgomp1:amd64 (4.8.4-2ubuntu1~14.04.1) ...
Selecting previously unselected package libgssrpc4:amd64.
Preparing to unpack .../libgssrpc4_1.12+dfsg-2ubuntu5.2_amd64.deb ...
Unpacking libgssrpc4:amd64 (1.12+dfsg-2ubuntu5.2) ...
Selecting previously unselected package libitm1:amd64.
Preparing to unpack .../libitm1_4.8.4-2ubuntu1~14.04.1_amd64.deb ...
Unpacking libitm1:amd64 (4.8.4-2ubuntu1~14.04.1) ...
Selecting previously unselected package libkadm5clnt-mit9:amd64.
Preparing to unpack .../libkadm5clnt-mit9_1.12+dfsg-2ubuntu5.2_amd64.deb ...
Unpacking libkadm5clnt-mit9:amd64 (1.12+dfsg-2ubuntu5.2) ...
Selecting previously unselected package libkdb5-7:amd64.
Preparing to unpack .../libkdb5-7_1.12+dfsg-2ubuntu5.2_amd64.deb ...
Unpacking libkdb5-7:amd64 (1.12+dfsg-2ubuntu5.2) ...
Selecting previously unselected package libkadm5srv-mit9:amd64.
Preparing to unpack .../libkadm5srv-mit9_1.12+dfsg-2ubuntu5.2_amd64.deb ...
Unpacking libkadm5srv-mit9:amd64 (1.12+dfsg-2ubuntu5.2) ...
Selecting previously unselected package libmpfr4:amd64.
Preparing to unpack .../libmpfr4_3.1.2-1_amd64.deb ...
Unpacking libmpfr4:amd64 (3.1.2-1) ...
Selecting previously unselected package libquadmath0:amd64.
Preparing to unpack .../libquadmath0_4.8.4-2ubuntu1~14.04.1_amd64.deb ...
Unpacking libquadmath0:amd64 (4.8.4-2ubuntu1~14.04.1) ...
Selecting previously unselected package libtsan0:amd64.
Preparing to unpack .../libtsan0_4.8.4-2ubuntu1~14.04.1_amd64.deb ...
Unpacking libtsan0:amd64 (4.8.4-2ubuntu1~14.04.1) ...
Selecting previously unselected package libmpc3:amd64.
Preparing to unpack .../libmpc3_1.0.1-1ubuntu1_amd64.deb ...
Unpacking libmpc3:amd64 (1.0.1-1ubuntu1) ...
Selecting previously unselected package binutils.
Preparing to unpack .../binutils_2.24-5ubuntu14_amd64.deb ...
Unpacking binutils (2.24-5ubuntu14) ...
Selecting previously unselected package cpp-4.8.
Preparing to unpack .../cpp-4.8_4.8.4-2ubuntu1~14.04.1_amd64.deb ...
Unpacking cpp-4.8 (4.8.4-2ubuntu1~14.04.1) ...
Selecting previously unselected package cpp.
Preparing to unpack .../cpp_4%3a4.8.2-1ubuntu6_amd64.deb ...
Unpacking cpp (4:4.8.2-1ubuntu6) ...
Selecting previously unselected package libgcc-4.8-dev:amd64.
Preparing to unpack .../libgcc-4.8-dev_4.8.4-2ubuntu1~14.04.1_amd64.deb ...
Unpacking libgcc-4.8-dev:amd64 (4.8.4-2ubuntu1~14.04.1) ...
Selecting previously unselected package gcc-4.8.
Preparing to unpack .../gcc-4.8_4.8.4-2ubuntu1~14.04.1_amd64.deb ...
Unpacking gcc-4.8 (4.8.4-2ubuntu1~14.04.1) ...
Selecting previously unselected package gcc.
Preparing to unpack .../gcc_4%3a4.8.2-1ubuntu6_amd64.deb ...
Unpacking gcc (4:4.8.2-1ubuntu6) ...
Selecting previously unselected package libc-dev-bin.
Preparing to unpack .../libc-dev-bin_2.19-0ubuntu6.7_amd64.deb ...
Unpacking libc-dev-bin (2.19-0ubuntu6.7) ...
Selecting previously unselected package linux-libc-dev:amd64.
Preparing to unpack .../linux-libc-dev_3.13.0-77.121_amd64.deb ...
Unpacking linux-libc-dev:amd64 (3.13.0-77.121) ...
Selecting previously unselected package libc6-dev:amd64.
Preparing to unpack .../libc6-dev_2.19-0ubuntu6.7_amd64.deb ...
Unpacking libc6-dev:amd64 (2.19-0ubuntu6.7) ...
Selecting previously unselected package comerr-dev.
Preparing to unpack .../comerr-dev_2.1-1.42.9-3ubuntu1.3_amd64.deb ...
Unpacking comerr-dev (2.1-1.42.9-3ubuntu1.3) ...
Selecting previously unselected package krb5-multidev.
Preparing to unpack .../krb5-multidev_1.12+dfsg-2ubuntu5.2_amd64.deb ...
Unpacking krb5-multidev (1.12+dfsg-2ubuntu5.2) ...
Selecting previously unselected package manpages-dev.
Preparing to unpack .../manpages-dev_3.54-1ubuntu1_all.deb ...
Unpacking manpages-dev (3.54-1ubuntu1) ...
Selecting previously unselected package libkrb5-dev.
Preparing to unpack .../libkrb5-dev_1.12+dfsg-2ubuntu5.2_amd64.deb ...
Unpacking libkrb5-dev (1.12+dfsg-2ubuntu5.2) ...
Processing triggers for man-db (2.6.7.1-1ubuntu1) ...
Processing triggers for install-info (5.2.0.dfsg.1-2) ...
Setting up libasan0:amd64 (4.8.4-2ubuntu1~14.04.1) ...
Setting up libatomic1:amd64 (4.8.4-2ubuntu1~14.04.1) ...
Setting up libgmp10:amd64 (2:5.1.3+dfsg-1ubuntu1) ...
Setting up libisl10:amd64 (0.12.2-1) ...
Setting up libcloog-isl4:amd64 (0.18.2-1) ...
Setting up libgomp1:amd64 (4.8.4-2ubuntu1~14.04.1) ...
Setting up libgssrpc4:amd64 (1.12+dfsg-2ubuntu5.2) ...
Setting up libitm1:amd64 (4.8.4-2ubuntu1~14.04.1) ...
Setting up libkadm5clnt-mit9:amd64 (1.12+dfsg-2ubuntu5.2) ...
Setting up libkdb5-7:amd64 (1.12+dfsg-2ubuntu5.2) ...
Setting up libkadm5srv-mit9:amd64 (1.12+dfsg-2ubuntu5.2) ...
Setting up libmpfr4:amd64 (3.1.2-1) ...
Setting up libquadmath0:amd64 (4.8.4-2ubuntu1~14.04.1) ...
Setting up libtsan0:amd64 (4.8.4-2ubuntu1~14.04.1) ...
Setting up libmpc3:amd64 (1.0.1-1ubuntu1) ...
Setting up binutils (2.24-5ubuntu14) ...
Setting up cpp-4.8 (4.8.4-2ubuntu1~14.04.1) ...
Setting up cpp (4:4.8.2-1ubuntu6) ...
Setting up libgcc-4.8-dev:amd64 (4.8.4-2ubuntu1~14.04.1) ...
Setting up gcc-4.8 (4.8.4-2ubuntu1~14.04.1) ...
Setting up gcc (4:4.8.2-1ubuntu6) ...
Setting up libc-dev-bin (2.19-0ubuntu6.7) ...
Setting up linux-libc-dev:amd64 (3.13.0-77.121) ...
Setting up libc6-dev:amd64 (2.19-0ubuntu6.7) ...
Setting up comerr-dev (2.1-1.42.9-3ubuntu1.3) ...
Setting up krb5-multidev (1.12+dfsg-2ubuntu5.2) ...
Setting up manpages-dev (3.54-1ubuntu1) ...
Setting up libkrb5-dev (1.12+dfsg-2ubuntu5.2) ...
Processing triggers for libc-bin (2.19-0ubuntu6.6) ...
Reading package lists...
Building dependency tree...
Reading state information...
The following extra packages will be installed:
  git-man liberror-perl
Suggested packages:
  git-daemon-run git-daemon-sysvinit git-doc git-el git-email git-gui gitk
  gitweb git-arch git-bzr git-cvs git-mediawiki git-svn
The following NEW packages will be installed:
  git git-man liberror-perl
0 upgraded, 3 newly installed, 0 to remove and 46 not upgraded.
Need to get 3,421 kB of archives.
After this operation, 21.9 MB of additional disk space will be used.
Get:1 http://us-east-1.ec2.archive.ubuntu.com/ubuntu/ trusty/main liberror-perl all 0.17-1.1 [21.1 kB]
Get:2 http://us-east-1.ec2.archive.ubuntu.com/ubuntu/ trusty-updates/main git-man all 1:1.9.1-1ubuntu0.2 [699 kB]
Get:3 http://us-east-1.ec2.archive.ubuntu.com/ubuntu/ trusty-updates/main git amd64 1:1.9.1-1ubuntu0.2 [2,701 kB]
Fetched 3,421 kB in 0s (30.9 MB/s)
Selecting previously unselected package liberror-perl.
(Reading database ... 54944 files and directories currently installed.)
Preparing to unpack .../liberror-perl_0.17-1.1_all.deb ...
Unpacking liberror-perl (0.17-1.1) ...
Selecting previously unselected package git-man.
Preparing to unpack .../git-man_1%3a1.9.1-1ubuntu0.2_all.deb ...
Unpacking git-man (1:1.9.1-1ubuntu0.2) ...
Selecting previously unselected package git.
Preparing to unpack .../git_1%3a1.9.1-1ubuntu0.2_amd64.deb ...
Unpacking git (1:1.9.1-1ubuntu0.2) ...
Processing triggers for man-db (2.6.7.1-1ubuntu1) ...
Setting up liberror-perl (0.17-1.1) ...
Setting up git-man (1:1.9.1-1ubuntu0.2) ...
Setting up git (1:1.9.1-1ubuntu0.2) ...
Initialized empty Git repository in /home/ubuntu/airquality/.git/
Executing: gpg --ignore-time-conflict --no-options --no-default-keyring --homedir /tmp/tmp.ZVUJs4wqPm --no-auto-check-trustdb --trust-model always --keyring /etc/apt/trusted.gpg --primary-keyring /etc/apt/trusted.gpg --keyserver hkp://keyserver.ubuntu.com:80 --recv 7F0CEB10
deb http://repo.mongodb.org/apt/ubuntu trusty/mongodb-org/3.0 multiverse
Ign http://us-east-1.ec2.archive.ubuntu.com trusty InRelease
Hit http://us-east-1.ec2.archive.ubuntu.com trusty-updates InRelease
Hit http://us-east-1.ec2.archive.ubuntu.com trusty-backports InRelease
Hit http://us-east-1.ec2.archive.ubuntu.com trusty Release.gpg
Hit http://us-east-1.ec2.archive.ubuntu.com trusty Release
Ign http://repo.mongodb.org trusty/mongodb-org/3.0 InRelease
Hit http://us-east-1.ec2.archive.ubuntu.com trusty-updates/main Sources
Get:1 http://repo.mongodb.org trusty/mongodb-org/3.0 Release.gpg [455 B]
Hit http://us-east-1.ec2.archive.ubuntu.com trusty-updates/restricted Sources
Hit http://us-east-1.ec2.archive.ubuntu.com trusty-updates/universe Sources
Get:2 http://repo.mongodb.org trusty/mongodb-org/3.0 Release [3,090 B]
Hit http://us-east-1.ec2.archive.ubuntu.com trusty-updates/multiverse Sources
Hit http://us-east-1.ec2.archive.ubuntu.com trusty-updates/main amd64 Packages
Hit http://us-east-1.ec2.archive.ubuntu.com trusty-updates/restricted amd64 Packages
Hit http://us-east-1.ec2.archive.ubuntu.com trusty-updates/universe amd64 Packages
Hit http://us-east-1.ec2.archive.ubuntu.com trusty-updates/multiverse amd64 Packages
Hit http://us-east-1.ec2.archive.ubuntu.com trusty-updates/main Translation-en
Hit http://us-east-1.ec2.archive.ubuntu.com trusty-updates/multiverse Translation-en
Hit http://us-east-1.ec2.archive.ubuntu.com trusty-updates/restricted Translation-en
Get:3 http://repo.mongodb.org trusty/mongodb-org/3.0/multiverse amd64 Packages [7,852 B]
Hit http://us-east-1.ec2.archive.ubuntu.com trusty-updates/universe Translation-en
Ign http://repo.mongodb.org trusty/mongodb-org/3.0/multiverse Translation-en_US
Hit http://us-east-1.ec2.archive.ubuntu.com trusty-backports/main Sources
Hit http://us-east-1.ec2.archive.ubuntu.com trusty-backports/restricted Sources
Hit http://us-east-1.ec2.archive.ubuntu.com trusty-backports/universe Sources
Ign http://repo.mongodb.org trusty/mongodb-org/3.0/multiverse Translation-en
Hit http://us-east-1.ec2.archive.ubuntu.com trusty-backports/multiverse Sources
Hit http://us-east-1.ec2.archive.ubuntu.com trusty-backports/main amd64 Packages
Hit http://us-east-1.ec2.archive.ubuntu.com trusty-backports/restricted amd64 Packages
Hit http://us-east-1.ec2.archive.ubuntu.com trusty-backports/universe amd64 Packages
Hit http://us-east-1.ec2.archive.ubuntu.com trusty-backports/multiverse amd64 Packages
Hit http://us-east-1.ec2.archive.ubuntu.com trusty-backports/main Translation-en
Hit http://us-east-1.ec2.archive.ubuntu.com trusty-backports/multiverse Translation-en
Hit http://us-east-1.ec2.archive.ubuntu.com trusty-backports/restricted Translation-en
Hit http://us-east-1.ec2.archive.ubuntu.com trusty-backports/universe Translation-en
Hit http://us-east-1.ec2.archive.ubuntu.com trusty/main Sources
Hit http://us-east-1.ec2.archive.ubuntu.com trusty/restricted Sources
Hit http://us-east-1.ec2.archive.ubuntu.com trusty/universe Sources
Hit http://us-east-1.ec2.archive.ubuntu.com trusty/multiverse Sources
Hit http://us-east-1.ec2.archive.ubuntu.com trusty/main amd64 Packages
Hit http://us-east-1.ec2.archive.ubuntu.com trusty/restricted amd64 Packages
Hit http://us-east-1.ec2.archive.ubuntu.com trusty/universe amd64 Packages
Hit http://us-east-1.ec2.archive.ubuntu.com trusty/multiverse amd64 Packages
Hit http://security.ubuntu.com trusty-security InRelease
Hit http://us-east-1.ec2.archive.ubuntu.com trusty/main Translation-en
Hit http://us-east-1.ec2.archive.ubuntu.com trusty/multiverse Translation-en
Hit http://us-east-1.ec2.archive.ubuntu.com trusty/restricted Translation-en
Hit http://us-east-1.ec2.archive.ubuntu.com trusty/universe Translation-en
Ign http://us-east-1.ec2.archive.ubuntu.com trusty/main Translation-en_US
Ign http://us-east-1.ec2.archive.ubuntu.com trusty/multiverse Translation-en_US
Ign http://us-east-1.ec2.archive.ubuntu.com trusty/restricted Translation-en_US
Ign http://us-east-1.ec2.archive.ubuntu.com trusty/universe Translation-en_US
Hit http://security.ubuntu.com trusty-security/main Sources
Hit http://security.ubuntu.com trusty-security/universe Sources
Hit http://security.ubuntu.com trusty-security/main amd64 Packages
Hit http://security.ubuntu.com trusty-security/universe amd64 Packages
Hit http://security.ubuntu.com trusty-security/main Translation-en
Hit http://security.ubuntu.com trusty-security/universe Translation-en
Fetched 11.4 kB in 2s (5,549 B/s)
Reading package lists...
Reading package lists...
Building dependency tree...
Reading state information...
The following NEW packages will be installed:
  mongodb-org mongodb-org-mongos mongodb-org-server mongodb-org-shell
  mongodb-org-tools
0 upgraded, 5 newly installed, 0 to remove and 46 not upgraded.
Need to get 49.5 MB of archives.
After this operation, 154 MB of additional disk space will be used.
Get:1 http://repo.mongodb.org/apt/ubuntu/ trusty/mongodb-org/3.0/multiverse mongodb-org-shell amd64 3.0.0 [4,233 kB]
Get:2 http://repo.mongodb.org/apt/ubuntu/ trusty/mongodb-org/3.0/multiverse mongodb-org-server amd64 3.0.0 [8,539 kB]
Get:3 http://repo.mongodb.org/apt/ubuntu/ trusty/mongodb-org/3.0/multiverse mongodb-org-mongos amd64 3.0.0 [4,013 kB]
Get:4 http://repo.mongodb.org/apt/ubuntu/ trusty/mongodb-org/3.0/multiverse mongodb-org-tools amd64 3.0.0 [32.8 MB]
Get:5 http://repo.mongodb.org/apt/ubuntu/ trusty/mongodb-org/3.0/multiverse mongodb-org amd64 3.0.0 [3,618 B]
Fetched 49.5 MB in 2s (18.5 MB/s)
Selecting previously unselected package mongodb-org-shell.
(Reading database ... 55692 files and directories currently installed.)
Preparing to unpack .../mongodb-org-shell_3.0.0_amd64.deb ...
Unpacking mongodb-org-shell (3.0.0) ...
Selecting previously unselected package mongodb-org-server.
Preparing to unpack .../mongodb-org-server_3.0.0_amd64.deb ...
Unpacking mongodb-org-server (3.0.0) ...
Selecting previously unselected package mongodb-org-mongos.
Preparing to unpack .../mongodb-org-mongos_3.0.0_amd64.deb ...
Unpacking mongodb-org-mongos (3.0.0) ...
Selecting previously unselected package mongodb-org-tools.
Preparing to unpack .../mongodb-org-tools_3.0.0_amd64.deb ...
Unpacking mongodb-org-tools (3.0.0) ...
Selecting previously unselected package mongodb-org.
Preparing to unpack .../mongodb-org_3.0.0_amd64.deb ...
Unpacking mongodb-org (3.0.0) ...
Processing triggers for man-db (2.6.7.1-1ubuntu1) ...
Processing triggers for ureadahead (0.100.0-16) ...
Setting up mongodb-org-shell (3.0.0) ...
Setting up mongodb-org-server (3.0.0) ...
Adding system user `mongodb' (UID 106) ...
Adding new user `mongodb' (UID 106) with group `nogroup' ...
Not creating home directory `/home/mongodb'.
Adding group `mongodb' (GID 111) ...
Done.
Adding user `mongodb' to group `mongodb' ...
Adding user mongodb to group mongodb
Done.
mongod start/running, process 8515
Setting up mongodb-org-mongos (3.0.0) ...
Setting up mongodb-org-tools (3.0.0) ...
Processing triggers for ureadahead (0.100.0-16) ...
Setting up mongodb-org (3.0.0) ...
=> Downloading nvm from git to '/home/ubuntu/.nvm'
=> * (detached from v0.30.2)
  master

=> Appending source string to /home/ubuntu/.bashrc
=> Close and reopen your terminal to start using nvm
Now using node v0.10.25 (npm v1.3.24)
default -> 0.10.25 (-> v0.10.25)
request@2.69.0 node_modules/request
├── is-typedarray@1.0.0
├── aws-sign2@0.6.0
├── caseless@0.11.0
├── stringstream@0.0.5
├── tunnel-agent@0.4.2
├── oauth-sign@0.8.1
├── forever-agent@0.6.1
├── isstream@0.1.2
├── json-stringify-safe@5.0.1
├── extend@3.0.0
├── node-uuid@1.4.7
├── qs@6.0.2
├── combined-stream@1.0.5 (delayed-stream@1.0.0)
├── tough-cookie@2.2.1
├── aws4@1.2.1 (lru-cache@2.7.3)
├── form-data@1.0.0-rc3 (async@1.5.2)
├── mime-types@2.1.10 (mime-db@1.22.0)
├── bl@1.0.3 (readable-stream@2.0.5)
├── hawk@3.1.3 (cryptiles@2.0.5, sntp@1.0.9, boom@2.10.1, hoek@2.16.3)
├── har-validator@2.0.6 (pinkie-promise@2.0.0, commander@2.9.0, chalk@1.1.1, is-my-json-valid@2.13.0)
└── http-signature@1.1.1 (assert-plus@0.2.0, jsprim@1.2.2, sshpk@1.7.4)
uglify-js@2.6.1 node_modules/uglify-js
├── uglify-to-browserify@1.0.2
├── async@0.2.10
├── source-map@0.5.3
└── yargs@3.10.0 (camelcase@1.2.1, window-size@0.1.0, decamelize@1.1.2, cliui@2.1.0)

> meanio@0.7.4 preinstall /home/ubuntu/airquality/node_modules/meanio
> node ./scripts/preinstall


> mean-cli@0.11.1 preinstall /home/ubuntu/airquality/node_modules/meanio/node_modules/mean-cli
> node ./scripts/preinstall


> bson-ext@0.1.13 install /home/ubuntu/airquality/node_modules/meanio/node_modules/mean-cli/node_modules/mongoose/node_modules/bson/node_modules/bson-ext
> (node-gyp rebuild 2> builderror.log) || (exit 0)


> kerberos@0.0.18 install /home/ubuntu/airquality/node_modules/meanio/node_modules/mean-cli/node_modules/mongoose/node_modules/mongodb/node_modules/mongodb-core/node_modules/kerberos
> (node-gyp rebuild) || (exit 0)


> meanio@0.7.4 postinstall /home/ubuntu/airquality/node_modules/meanio
> cd ./lib/core_modules/server && npm install && cd ../../..

should@3.3.2 node_modules/should

lodash@2.4.2 node_modules/lodash

mocha@1.21.5 node_modules/mocha
├── escape-string-regexp@1.0.2
├── diff@1.0.8
├── growl@1.8.1
├── commander@2.3.0
├── debug@2.0.0 (ms@0.6.2)
├── mkdirp@0.5.0 (minimist@0.0.8)
├── glob@3.2.3 (inherits@2.0.1, graceful-fs@2.0.3, minimatch@0.2.14)
└── jade@0.26.3 (commander@0.6.1, mkdirp@0.3.0)

swig@1.4.2 node_modules/swig
├── optimist@0.6.1 (wordwrap@0.0.3, minimist@0.0.10)
└── uglify-js@2.4.24 (uglify-to-browserify@1.0.2, async@0.2.10, yargs@3.5.4, source-map@0.1.34)

mean-cli@0.11.1 node_modules/mean-cli
├── opener@1.4.1
├── async-series@0.0.1
├── progress@1.1.8
├── crypto@0.0.3
├── commander@2.9.0 (graceful-readlink@1.0.1)
├── shelljs@0.3.0
├── chalk@0.5.1 (escape-string-regexp@1.0.5, ansi-styles@1.1.0, supports-color@0.2.0, has-ansi@0.1.0, strip-ansi@0.3.0)
├── json-file-plus@2.0.0 (is@2.0.2, node.extend@1.1.5, promiseback@2.0.2)
├── prompt@0.2.14 (revalidator@0.1.8, pkginfo@0.3.1, read@1.0.7, winston@0.8.3, utile@0.2.1)
├── inquirer@0.8.5 (ansi-regex@1.1.1, figures@1.4.0, through@2.3.8, cli-width@1.1.1, readline2@0.1.1, chalk@1.1.1, lodash@3.10.1, rx@2.5.3)
├── npm@2.14.20
├── bower@1.7.7
└── mongoose@4.0.8 (regexp-clone@0.0.1, sliced@0.0.5, muri@1.0.0, hooks-fixed@1.0.2, mpromise@0.5.4, kareem@1.0.1, mpath@0.1.1, async@0.9.0, ms@0.1.0, mquery@1.6.1, bson@0.3.2, mongodb@2.0.34)
/home/ubuntu/.nvm/v0.10.25/bin/bower -> /home/ubuntu/.nvm/v0.10.25/lib/node_modules/bower/bin/bower
bower@1.7.7 /home/ubuntu/.nvm/v0.10.25/lib/node_modules/bower
bower angular-file-upload#~1.1.5       not-cached git://github.com/nervgh/angular-file-upload.git#~1.1.5
bower angular-file-upload#~1.1.5          resolve git://github.com/nervgh/angular-file-upload.git#~1.1.5
bower angular-chart.js#0.8.8           not-cached git://github.com/jtblin/angular-chart.js.git#0.8.8
bower angular-chart.js#0.8.8              resolve git://github.com/jtblin/angular-chart.js.git#0.8.8
bower angular-xml#~2.1.0               not-cached git://github.com/johngeorgewright/angular-xml.git#~2.1.0
bower angular-xml#~2.1.0                  resolve git://github.com/johngeorgewright/angular-xml.git#~2.1.0
bower angular-ui-slider#~0.1.1         not-cached git://github.com/angular-ui/ui-slider.git#~0.1.1
bower angular-ui-slider#~0.1.1            resolve git://github.com/angular-ui/ui-slider.git#~0.1.1
bower angular-chart.js#0.8.8             download https://github.com/jtblin/angular-chart.js/archive/0.8.8.tar.gz
bower angular-file-upload#~1.1.5         download https://github.com/nervgh/angular-file-upload/archive/v1.1.6.tar.gz
bower angular-ui-slider#~0.1.1           download https://github.com/angular-ui/ui-slider/archive/0.1.6.tar.gz
bower angular-xml#~2.1.0                 download https://github.com/johngeorgewright/angular-xml/archive/v2.1.1.tar.gz
bower angular-file-upload#~1.1.5          extract archive.tar.gz
bower angular-xml#~2.1.0                  extract archive.tar.gz
bower angular-ui-slider#~0.1.1            extract archive.tar.gz
bower angular-chart.js#0.8.8              extract archive.tar.gz
bower angular-ui-slider#~0.1.1           resolved git://github.com/angular-ui/ui-slider.git#0.1.6
bower angular-xml#~2.1.0                 resolved git://github.com/johngeorgewright/angular-xml.git#2.1.1
bower jquery-ui#~1.10.x                not-cached git://github.com/components/jqueryui.git#~1.10.x
bower jquery-ui#~1.10.x                   resolve git://github.com/components/jqueryui.git#~1.10.x
bower jquery-ui#~1.10.x                  download https://github.com/components/jqueryui/archive/1.10.4.tar.gz
bower angular-file-upload#~1.1.5         resolved git://github.com/nervgh/angular-file-upload.git#1.1.6
bower x2js#~1.1.7                      not-cached git://github.com/abdmob/x2js.git#~1.1.7
bower x2js#~1.1.7                         resolve git://github.com/abdmob/x2js.git#~1.1.7
bower angular#~1.2.11                  not-cached git://github.com/angular/bower-angular.git#~1.2.11
bower angular#~1.2.11                     resolve git://github.com/angular/bower-angular.git#~1.2.11
bower x2js#~1.1.7                        download https://github.com/abdmob/x2js/archive/v1.1.7.tar.gz
bower angular#~1.2.11                    download https://github.com/angular/bower-angular/archive/v1.2.29.tar.gz
bower ngmap#1.6.0                      not-cached git://github.com/allenhwkim/angularjs-google-maps.git#1.6.0
bower ngmap#1.6.0                         resolve git://github.com/allenhwkim/angularjs-google-maps.git#1.6.0
bower jquery-ui#~1.10.x                   extract archive.tar.gz
bower x2js#~1.1.7                         extract archive.tar.gz
bower ngmap#1.6.0                        download https://github.com/allenhwkim/angularjs-google-maps/archive/v1.6.0.tar.gz
bower angular-chart.js#0.8.8             resolved git://github.com/jtblin/angular-chart.js.git#0.8.8
bower x2js#~1.1.7                        resolved git://github.com/abdmob/x2js.git#1.1.7
bower Chart.js#~1.0.1                  not-cached git://github.com/nnnick/Chart.js.git#~1.0.1
bower Chart.js#~1.0.1                     resolve git://github.com/nnnick/Chart.js.git#~1.0.1
bower angular#~1.2.11                     extract archive.tar.gz
bower Chart.js#~1.0.1                    download https://github.com/nnnick/Chart.js/archive/v1.0.2.tar.gz
bower angular#~1.2.11                    resolved git://github.com/angular/bower-angular.git#1.2.29
bower angular#>=1                          cached git://github.com/angular/bower-angular.git#1.3.2
bower angular#>=1                        validate 1.3.2 against git://github.com/angular/bower-angular.git#>=1
bower angular#>=1                             new version for git://github.com/angular/bower-angular.git#>=1
bower angular#>=1                         resolve git://github.com/angular/bower-angular.git#>=1
bower angular#>= 1.0.8                     cached git://github.com/angular/bower-angular.git#1.3.2
bower angular#>= 1.0.8                   validate 1.3.2 against git://github.com/angular/bower-angular.git#>= 1.0.8
bower angular#>= 1.0.8                        new version for git://github.com/angular/bower-angular.git#>= 1.0.8
bower angular#>= 1.0.8                    resolve git://github.com/angular/bower-angular.git#>= 1.0.8
bower angular#>=1                        download https://github.com/angular/bower-angular/archive/v1.5.0.tar.gz
bower angular#>= 1.0.8                   download https://github.com/angular/bower-angular/archive/v1.5.0.tar.gz
bower Chart.js#~1.0.1                     extract archive.tar.gz
bower ngmap#1.6.0                         extract archive.tar.gz
bower angular#>=1                         extract archive.tar.gz
bower angular#>= 1.0.8                    extract archive.tar.gz
bower Chart.js#~1.0.1                    resolved git://github.com/nnnick/Chart.js.git#1.0.2
bower angular#>=1                        resolved git://github.com/angular/bower-angular.git#1.5.0
bower angular#>= 1.0.8                   resolved git://github.com/angular/bower-angular.git#1.5.0
bower ngmap#1.6.0                        resolved git://github.com/allenhwkim/angularjs-google-maps.git#1.6.0
bower jquery-ui#~1.10.x                  resolved git://github.com/components/jqueryui.git#1.10.4

Please note that,
    angular-file-upload#1.1.6 depends on angular#~1.2.11 which resolved to angular#1.2.29
    angular-cookies#1.3.2, angular-mocks#1.3.2, angular-resource#1.3.2, angular-route#1.3.2, mean depends on angular#1.3.2 which resolved to angular#1.3.2
    angular-ui-slider#0.1.6 depends on angular#>=1.0.0 <1.5.0 which resolved to angular#1.3.2
    angular-chart.js#0.8.8 depends on angular#1.x which resolved to angular#1.3.2
    angular-bootstrap#0.11.0 depends on angular#>=1 which resolved to angular#1.5.0
    angular-ui-router#87f10dfc9c depends on angular#>= 1.0.8 which resolved to angular#1.5.0
Resort to using angular#1.3.2 which resolved to angular#1.3.2
Code incompatibilities may occur.

bower angular-ui-slider#~0.1.1            install angular-ui-slider#0.1.6
bower angular-xml#~2.1.0                  install angular-xml#2.1.1
bower angular-file-upload#~1.1.5          install angular-file-upload#1.1.6
bower angular-chart.js#0.8.8              install angular-chart.js#0.8.8
bower x2js#~1.1.7                         install x2js#1.1.7
bower Chart.js#~1.0.1                     install Chart.js#1.0.2
bower ngmap#1.6.0                         install ngmap#1.6.0
bower jquery-ui#~1.10.x                   install jquery-ui#1.10.4

angular-ui-slider#0.1.6 bower_components/angular-ui-slider
├── angular#1.3.2
├── jquery#1.12.0
└── jquery-ui#1.10.4

angular-xml#2.1.1 bower_components/angular-xml
└── x2js#1.1.7

angular-file-upload#1.1.6 bower_components/angular-file-upload
└── angular#1.3.2

angular-chart.js#0.8.8 bower_components/angular-chart.js
├── Chart.js#1.0.2
└── angular#1.3.2

x2js#1.1.7 bower_components/x2js

Chart.js#1.0.2 bower_components/Chart.js

ngmap#1.6.0 bower_components/ngmap

jquery-ui#1.10.4 bower_components/jquery-ui
└── jquery#1.12.0
/home/ubuntu/.nvm/v0.10.25/bin/grunt -> /home/ubuntu/.nvm/v0.10.25/lib/node_modules/grunt-cli/bin/grunt
grunt-cli@0.1.13 /home/ubuntu/.nvm/v0.10.25/lib/node_modules/grunt-cli
├── resolve@0.3.1
├── nopt@1.0.10 (abbrev@1.0.7)
└── findup-sync@0.1.3 (lodash@2.4.2, glob@3.2.11)
grunt@0.4.5 /home/ubuntu/.nvm/v0.10.25/lib/node_modules/grunt
├── which@1.0.9
├── dateformat@1.0.2-1.2.3
├── eventemitter2@0.4.14
├── getobject@0.1.0
├── rimraf@2.2.8
├── colors@0.6.2
├── hooker@0.2.3
├── async@0.1.22
├── grunt-legacy-util@0.2.0
├── nopt@1.0.10 (abbrev@1.0.7)
├── exit@0.1.2
├── minimatch@0.2.14 (sigmund@1.0.1, lru-cache@2.7.3)
├── lodash@0.9.2
├── coffee-script@1.3.3
├── underscore.string@2.2.1
├── glob@3.1.21 (inherits@1.0.2, graceful-fs@1.2.3)
├── iconv-lite@0.2.11
├── findup-sync@0.1.3 (glob@3.2.11, lodash@2.4.2)
├── grunt-legacy-log@0.1.3 (grunt-legacy-log-utils@0.1.1, underscore.string@2.3.3, lodash@2.4.2)
└── js-yaml@2.0.5 (esprima@1.0.4, argparse@0.1.16)

> Pollution@0.4.3 postinstall /home/ubuntu/airquality
> node node_modules/meanio/node_modules/mean-cli/bin/mean-postinstall

Installing Bower dependencies
Auto installing package dependencies
Auto installing package dependencies
TAG:master
TAG:master
TAG:master
Package not found.
Package not found.
Package not found.
    Dependencies installed for package pollution
    Dependencies installed for package articles
    Dependencies installed for package users
    Dependencies installed for package theme
    Dependencies installed for package system
barycentric@1.0.1 node_modules/barycentric
└── robust-linear-solve@1.0.0 (robust-determinant@1.1.0)

delaunay-triangulate@1.1.6 node_modules/delaunay-triangulate
├── uniq@1.0.1
└── incremental-convex-hull@1.0.1 (simplicial-complex@1.0.0, robust-orientation@1.1.3)

grunt-forever@0.4.7 node_modules/grunt-forever
└── forever@0.14.2 (colors@0.6.2, timespan@2.3.0, optimist@0.6.1, winston@0.8.3, utile@0.2.1, nssocket@0.5.3, nconf@0.6.9, cliff@0.1.10, forever-monitor@1.5.2, flatiron@0.4.3)
Install Complete.
